<?xml version="1.0" encoding="UTF-8"?>
<!-- Generated by org.testng.reporters.JUnitReportReporter -->
<testsuite hostname="DESKTOP-LMN0PRA" failures="0" tests="7" name="com.factorial.testCases.TC03_DataDrivenTesting" time="24.467" errors="0" timestamp="2024-07-26T18:01:20 IST" skipped="0">
  <testcase classname="com.factorial.testCases.TC03_DataDrivenTesting" name="factorialDDT" time="3.430"/>
  <testcase classname="com.factorial.testCases.TC03_DataDrivenTesting" name="factorialDDT" time="3.504"/>
  <testcase classname="com.factorial.testCases.TC03_DataDrivenTesting" name="factorialDDT" time="3.506"/>
  <testcase classname="com.factorial.testCases.TC03_DataDrivenTesting" name="factorialDDT" time="3.466"/>
  <testcase classname="com.factorial.testCases.TC03_DataDrivenTesting" name="factorialDDT" time="3.467"/>
  <testcase classname="com.factorial.testCases.TC03_DataDrivenTesting" name="factorialDDT" time="3.414"/>
  <testcase classname="com.factorial.testCases.TC03_DataDrivenTesting" name="factorialDDT" time="3.680"/>
</testsuite> <!-- com.factorial.testCases.TC03_DataDrivenTesting -->
