<?xml version="1.0" encoding="UTF-8"?>
<!-- Generated by org.testng.reporters.JUnitReportReporter -->
<testsuite hostname="DESKTOP-LMN0PRA" failures="0" tests="1" name="factorial.CapstoneProject.TC01_Validate_UIElements" time="4.295" errors="0" timestamp="2024-07-25T16:07:13 IST" skipped="0">
  <testcase classname="factorial.CapstoneProject.TC01_Validate_UIElements" name="TC01_UIElement" time="4.295"/>
</testsuite> <!-- factorial.CapstoneProject.TC01_Validate_UIElements -->
