<?xml version="1.0" encoding="UTF-8"?>
<!-- Generated by org.testng.reporters.JUnitReportReporter -->
<testsuite hostname="DESKTOP-LMN0PRA" failures="0" tests="1" name="com.factorial.testCases.TC01_Validate_UIElements" time="0.577" errors="0" timestamp="2024-07-26T18:01:20 IST" skipped="0">
  <testcase classname="com.factorial.testCases.TC01_Validate_UIElements" name="validateUI" time="0.577"/>
</testsuite> <!-- com.factorial.testCases.TC01_Validate_UIElements -->
